  [1m[35m (243.8ms)[0m  [1m[35mCREATE DATABASE "model_development" ENCODING = 'unicode'[0m
  ↳ bin/rails:9
  [1m[35m (237.7ms)[0m  [1m[35mCREATE DATABASE "model_test" ENCODING = 'unicode'[0m
  ↳ bin/rails:9
Started GET "/" for ::1 at 2020-05-11 11:56:29 -0700
Processing by Rails::WelcomeController#index as HTML
  Rendering /home/jass/.rvm/gems/ruby-2.5.1/gems/railties-5.2.4.2/lib/rails/templates/rails/welcome/index.html.erb
  Rendered /home/jass/.rvm/gems/ruby-2.5.1/gems/railties-5.2.4.2/lib/rails/templates/rails/welcome/index.html.erb (2.4ms)
Completed 200 OK in 11ms (Views: 5.8ms | ActiveRecord: 0.0ms)


  [1m[35m (5.9ms)[0m  [1m[35mCREATE TABLE "schema_migrations" ("version" character varying NOT NULL PRIMARY KEY)[0m
  ↳ bin/rails:9
  [1m[35m (4.7ms)[0m  [1m[35mCREATE TABLE "ar_internal_metadata" ("key" character varying NOT NULL PRIMARY KEY, "value" character varying, "created_at" timestamp NOT NULL, "updated_at" timestamp NOT NULL)[0m
  ↳ bin/rails:9
  [1m[35m (0.2ms)[0m  [1m[34mSELECT pg_try_advisory_lock(6023084887701342510)[0m
  ↳ bin/rails:9
  [1m[35m (0.5ms)[0m  [1m[34mSELECT "schema_migrations"."version" FROM "schema_migrations" ORDER BY "schema_migrations"."version" ASC[0m
  ↳ bin/rails:9
Migrating to CreatePosts (20200511193610)
  [1m[35m (0.2ms)[0m  [1m[35mBEGIN[0m
  ↳ bin/rails:9
  [1m[35m (5.2ms)[0m  [1m[35mCREATE TABLE "posts" ("id" bigserial primary key, "body" text, "author" character varying, "created_at" timestamp NOT NULL, "updated_at" timestamp NOT NULL)[0m
  ↳ db/migrate/20200511193610_create_posts.rb:3
  [1m[36mActiveRecord::SchemaMigration Create (0.5ms)[0m  [1m[32mINSERT INTO "schema_migrations" ("version") VALUES ($1) RETURNING "version"[0m  [["version", "20200511193610"]]
  ↳ bin/rails:9
  [1m[35m (0.8ms)[0m  [1m[35mCOMMIT[0m
  ↳ bin/rails:9
  [1m[36mActiveRecord::InternalMetadata Load (0.4ms)[0m  [1m[34mSELECT  "ar_internal_metadata".* FROM "ar_internal_metadata" WHERE "ar_internal_metadata"."key" = $1 LIMIT $2[0m  [["key", "environment"], ["LIMIT", 1]]
  ↳ bin/rails:9
  [1m[35m (0.2ms)[0m  [1m[35mBEGIN[0m
  ↳ bin/rails:9
  [1m[36mActiveRecord::InternalMetadata Create (0.6ms)[0m  [1m[32mINSERT INTO "ar_internal_metadata" ("key", "value", "created_at", "updated_at") VALUES ($1, $2, $3, $4) RETURNING "key"[0m  [["key", "environment"], ["value", "development"], ["created_at", "2020-05-11 19:53:47.839193"], ["updated_at", "2020-05-11 19:53:47.839193"]]
  ↳ bin/rails:9
  [1m[35m (0.6ms)[0m  [1m[35mCOMMIT[0m
  ↳ bin/rails:9
  [1m[35m (0.3ms)[0m  [1m[34mSELECT pg_advisory_unlock(6023084887701342510)[0m
  ↳ bin/rails:9
  [1m[35m (0.6ms)[0m  [1m[34mSELECT "schema_migrations"."version" FROM "schema_migrations" ORDER BY "schema_migrations"."version" ASC[0m
  ↳ bin/rails:9
Started GET "/" for ::1 at 2020-05-11 13:01:13 -0700
  [1m[35m (0.6ms)[0m  [1m[34mSELECT "schema_migrations"."version" FROM "schema_migrations" ORDER BY "schema_migrations"."version" ASC[0m
  ↳ /home/jass/.rvm/gems/ruby-2.5.1/gems/activerecord-5.2.4.2/lib/active_record/log_subscriber.rb:98
Processing by PostsController#index as HTML
  Rendering posts/index.html.erb within layouts/application
  [1m[36mPost Load (0.7ms)[0m  [1m[34mSELECT "posts".* FROM "posts" ORDER BY updated_at DESC[0m
  ↳ app/views/posts/index.html.erb:5
  Rendered posts/index.html.erb within layouts/application (4.5ms)
Completed 200 OK in 633ms (Views: 625.3ms | ActiveRecord: 2.0ms)


Started GET "/" for ::1 at 2020-05-11 13:02:13 -0700
Processing by PostsController#index as HTML
  Rendering posts/index.html.erb within layouts/application
  [1m[36mPost Load (1.1ms)[0m  [1m[34mSELECT "posts".* FROM "posts" ORDER BY updated_at DESC[0m
  ↳ app/views/posts/index.html.erb:5
  Rendered posts/index.html.erb within layouts/application (2.7ms)
Completed 200 OK in 24ms (Views: 22.5ms | ActiveRecord: 1.1ms)


Started GET "/posts/new" for ::1 at 2020-05-11 13:04:11 -0700
Processing by PostsController#new as HTML
  Rendering posts/new.html.erb within layouts/application
  Rendered posts/_form.html.erb (15.3ms)
  Rendered posts/new.html.erb within layouts/application (16.2ms)
Completed 200 OK in 45ms (Views: 36.1ms | ActiveRecord: 4.5ms)


Started GET "/posts/new" for ::1 at 2020-05-11 14:30:59 -0700
Processing by PostsController#new as HTML
  Rendering posts/new.html.erb within layouts/application
  Rendered posts/_form.html.erb (1.5ms)
  Rendered posts/new.html.erb within layouts/application (2.2ms)
Completed 200 OK in 35ms (Views: 33.0ms | ActiveRecord: 0.0ms)


  [1m[35m (0.4ms)[0m  [1m[34mSELECT "schema_migrations"."version" FROM "schema_migrations" ORDER BY "schema_migrations"."version" ASC[0m
  ↳ bin/rails:9
  [1m[36mPost Load (0.3ms)[0m  [1m[34mSELECT "posts".* FROM "posts"[0m
  ↳ db/seeds.rb:8
  [1m[35m (0.5ms)[0m  [1m[35mBEGIN[0m
  ↳ db/seeds.rb:11
  [1m[36mPost Create (1.4ms)[0m  [1m[32mINSERT INTO "posts" ("body", "author", "created_at", "updated_at") VALUES ($1, $2, $3, $4) RETURNING "id"[0m  [["body", "It is not the responsibility of the language to force good looking code, but the language should make good looking code possible."], ["author", "Denis King"], ["created_at", "2020-05-11 22:05:47.400784"], ["updated_at", "2020-05-11 22:05:47.400784"]]
  ↳ db/seeds.rb:11
  [1m[35m (1.3ms)[0m  [1m[35mCOMMIT[0m
  ↳ db/seeds.rb:11
  [1m[35m (0.5ms)[0m  [1m[35mBEGIN[0m
  ↳ db/seeds.rb:11
  [1m[36mPost Create (0.4ms)[0m  [1m[32mINSERT INTO "posts" ("body", "author", "created_at", "updated_at") VALUES ($1, $2, $3, $4) RETURNING "id"[0m  [["body", "People are different. People choose different criteria. But if there is a better way among many alternatives, I want to encourage that way by making it comfortable. So that's what I've tried to do."], ["author", "Mr. Valentine Conroy"], ["created_at", "2020-05-11 22:05:47.417748"], ["updated_at", "2020-05-11 22:05:47.417748"]]
  ↳ db/seeds.rb:11
  [1m[35m (4.4ms)[0m  [1m[35mCOMMIT[0m
  ↳ db/seeds.rb:11
  [1m[35m (0.3ms)[0m  [1m[35mBEGIN[0m
  ↳ db/seeds.rb:11
  [1m[36mPost Create (0.3ms)[0m  [1m[32mINSERT INTO "posts" ("body", "author", "created_at", "updated_at") VALUES ($1, $2, $3, $4) RETURNING "id"[0m  [["body", "Because of the Turing completeness theory, everything one Turing-complete language can do can theoretically be done by another Turing-complete language, but at a different cost. You can do everything in assembler, but no one wants to program in assembler anymore."], ["author", "Miss Luvenia Steuber"], ["created_at", "2020-05-11 22:05:47.424921"], ["updated_at", "2020-05-11 22:05:47.424921"]]
  ↳ db/seeds.rb:11
  [1m[35m (0.7ms)[0m  [1m[35mCOMMIT[0m
  ↳ db/seeds.rb:11
  [1m[35m (0.6ms)[0m  [1m[35mBEGIN[0m
  ↳ db/seeds.rb:11
  [1m[36mPost Create (0.5ms)[0m  [1m[32mINSERT INTO "posts" ("body", "author", "created_at", "updated_at") VALUES ($1, $2, $3, $4) RETURNING "id"[0m  [["body", "Imagine you are writing an email. You are in front of the computer. You are operating the computer, clicking a mouse and typing on a keyboard, but the message will be sent to a human over the internet. So you are working before the computer, but with a human behind the computer."], ["author", "Loretta Rolfson"], ["created_at", "2020-05-11 22:05:47.429130"], ["updated_at", "2020-05-11 22:05:47.429130"]]
  ↳ db/seeds.rb:11
  [1m[35m (0.9ms)[0m  [1m[35mCOMMIT[0m
  ↳ db/seeds.rb:11
  [1m[35m (0.3ms)[0m  [1m[35mBEGIN[0m
  ↳ db/seeds.rb:11
  [1m[36mPost Create (0.4ms)[0m  [1m[32mINSERT INTO "posts" ("body", "author", "created_at", "updated_at") VALUES ($1, $2, $3, $4) RETURNING "id"[0m  [["body", "The orthogonal features, when combined, can explode into complexity."], ["author", "Mel Mitchell"], ["created_at", "2020-05-11 22:05:47.433278"], ["updated_at", "2020-05-11 22:05:47.433278"]]
  ↳ db/seeds.rb:11
  [1m[35m (0.7ms)[0m  [1m[35mCOMMIT[0m
  ↳ db/seeds.rb:11
  [1m[35m (0.1ms)[0m  [1m[35mBEGIN[0m
  ↳ db/seeds.rb:11
  [1m[36mPost Create (1.1ms)[0m  [1m[32mINSERT INTO "posts" ("body", "author", "created_at", "updated_at") VALUES ($1, $2, $3, $4) RETURNING "id"[0m  [["body", "I believe that the purpose of life is, at least in part, to be happy. Based on this belief, Ruby is designed to make programming not only easy but also fun. It allows you to concentrate on the creative side of programming, with less stress."], ["author", "Teddy Volkman"], ["created_at", "2020-05-11 22:05:47.436980"], ["updated_at", "2020-05-11 22:05:47.436980"]]
  ↳ db/seeds.rb:11
  [1m[35m (0.9ms)[0m  [1m[35mCOMMIT[0m
  ↳ db/seeds.rb:11
  [1m[35m (0.3ms)[0m  [1m[35mBEGIN[0m
  ↳ db/seeds.rb:11
  [1m[36mPost Create (0.6ms)[0m  [1m[32mINSERT INTO "posts" ("body", "author", "created_at", "updated_at") VALUES ($1, $2, $3, $4) RETURNING "id"[0m  [["body", "Ruby inherited the Perl philosophy of having more than one way to do the same thing. I inherited that philosophy from Larry Wall, who is my hero actually. I want to make Ruby users free. I want to give them the freedom to choose."], ["author", "German Bernhard"], ["created_at", "2020-05-11 22:05:47.441735"], ["updated_at", "2020-05-11 22:05:47.441735"]]
  ↳ db/seeds.rb:11
  [1m[35m (1.2ms)[0m  [1m[35mCOMMIT[0m
  ↳ db/seeds.rb:11
  [1m[35m (0.2ms)[0m  [1m[35mBEGIN[0m
  ↳ db/seeds.rb:11
  [1m[36mPost Create (0.4ms)[0m  [1m[32mINSERT INTO "posts" ("body", "author", "created_at", "updated_at") VALUES ($1, $2, $3, $4) RETURNING "id"[0m  [["body", "From the viewpoint of what you can do, therefore, languages do differ - but the differences are limited. For example, Python and Ruby provide almost the same power to the programmer."], ["author", "Milo Stroman DVM"], ["created_at", "2020-05-11 22:05:47.446375"], ["updated_at", "2020-05-11 22:05:47.446375"]]
  ↳ db/seeds.rb:11
  [1m[35m (0.6ms)[0m  [1m[35mCOMMIT[0m
  ↳ db/seeds.rb:11
  [1m[35m (0.3ms)[0m  [1m[35mBEGIN[0m
  ↳ db/seeds.rb:11
  [1m[36mPost Create (0.4ms)[0m  [1m[32mINSERT INTO "posts" ("body", "author", "created_at", "updated_at") VALUES ($1, $2, $3, $4) RETURNING "id"[0m  [["body", "Actually, I didn't make the claim that Ruby follows the principle of least surprise. Someone felt the design of Ruby follows that philosophy, so they started saying that. I didn't bring that up, actually."], ["author", "Bradley Marks"], ["created_at", "2020-05-11 22:05:47.450053"], ["updated_at", "2020-05-11 22:05:47.450053"]]
  ↳ db/seeds.rb:11
  [1m[35m (1.5ms)[0m  [1m[35mCOMMIT[0m
  ↳ db/seeds.rb:11
  [1m[35m (0.3ms)[0m  [1m[35mBEGIN[0m
  ↳ db/seeds.rb:11
  [1m[36mPost Create (0.6ms)[0m  [1m[32mINSERT INTO "posts" ("body", "author", "created_at", "updated_at") VALUES ($1, $2, $3, $4) RETURNING "id"[0m  [["body", "Often people, especially computer engineers, focus on the machines. But in fact we need to focus on humans, on how humans care about doing programming or operating the application of the machines."], ["author", "Shelly Johnston"], ["created_at", "2020-05-11 22:05:47.454749"], ["updated_at", "2020-05-11 22:05:47.454749"]]
  ↳ db/seeds.rb:11
  [1m[35m (0.8ms)[0m  [1m[35mCOMMIT[0m
  ↳ db/seeds.rb:11
  [1m[35m (0.3ms)[0m  [1m[35mBEGIN[0m
  ↳ db/seeds.rb:11
  [1m[36mPost Create (0.8ms)[0m  [1m[32mINSERT INTO "posts" ("body", "author", "created_at", "updated_at") VALUES ($1, $2, $3, $4) RETURNING "id"[0m  [["body", "I believe that the purpose of life is, at least in part, to be happy. Based on this belief, Ruby is designed to make programming not only easy but also fun. It allows you to concentrate on the creative side of programming, with less stress."], ["author", "Ms. Paris Vandervort"], ["created_at", "2020-05-11 22:05:47.459098"], ["updated_at", "2020-05-11 22:05:47.459098"]]
  ↳ db/seeds.rb:11
  [1m[35m (0.8ms)[0m  [1m[35mCOMMIT[0m
  ↳ db/seeds.rb:11
  [1m[35m (0.3ms)[0m  [1m[35mBEGIN[0m
  ↳ db/seeds.rb:11
  [1m[36mPost Create (0.5ms)[0m  [1m[32mINSERT INTO "posts" ("body", "author", "created_at", "updated_at") VALUES ($1, $2, $3, $4) RETURNING "id"[0m  [["body", "I hope to see Ruby help every programmer in the world to be productive, and to enjoy programming, and to be happy. That is the primary purpose of Ruby language."], ["author", "Yoko Mann V"], ["created_at", "2020-05-11 22:05:47.464040"], ["updated_at", "2020-05-11 22:05:47.464040"]]
  ↳ db/seeds.rb:11
  [1m[35m (0.8ms)[0m  [1m[35mCOMMIT[0m
  ↳ db/seeds.rb:11
  [1m[35m (0.3ms)[0m  [1m[35mBEGIN[0m
  ↳ db/seeds.rb:11
  [1m[36mPost Create (0.5ms)[0m  [1m[32mINSERT INTO "posts" ("body", "author", "created_at", "updated_at") VALUES ($1, $2, $3, $4) RETURNING "id"[0m  [["body", "Man is driven to create; I know I really love to create things. And while I'm not good at painting, drawing, or music, I can write software."], ["author", "Dr. Omar Fay"], ["created_at", "2020-05-11 22:05:47.468255"], ["updated_at", "2020-05-11 22:05:47.468255"]]
  ↳ db/seeds.rb:11
  [1m[35m (0.8ms)[0m  [1m[35mCOMMIT[0m
  ↳ db/seeds.rb:11
  [1m[35m (0.6ms)[0m  [1m[35mBEGIN[0m
  ↳ db/seeds.rb:11
  [1m[36mPost Create (0.5ms)[0m  [1m[32mINSERT INTO "posts" ("body", "author", "created_at", "updated_at") VALUES ($1, $2, $3, $4) RETURNING "id"[0m  [["body", "From the viewpoint of what you can do, therefore, languages do differ - but the differences are limited. For example, Python and Ruby provide almost the same power to the programmer."], ["author", "Mr. Mina Cassin"], ["created_at", "2020-05-11 22:05:47.472746"], ["updated_at", "2020-05-11 22:05:47.472746"]]
  ↳ db/seeds.rb:11
  [1m[35m (1.1ms)[0m  [1m[35mCOMMIT[0m
  ↳ db/seeds.rb:11
  [1m[35m (0.4ms)[0m  [1m[35mBEGIN[0m
  ↳ db/seeds.rb:11
  [1m[36mPost Create (0.3ms)[0m  [1m[32mINSERT INTO "posts" ("body", "author", "created_at", "updated_at") VALUES ($1, $2, $3, $4) RETURNING "id"[0m  [["body", "It is not the responsibility of the language to force good looking code, but the language should make good looking code possible."], ["author", "Darrel Blick"], ["created_at", "2020-05-11 22:05:47.478078"], ["updated_at", "2020-05-11 22:05:47.478078"]]
  ↳ db/seeds.rb:11
  [1m[35m (0.6ms)[0m  [1m[35mCOMMIT[0m
  ↳ db/seeds.rb:11
  [1m[35m (0.1ms)[0m  [1m[35mBEGIN[0m
  ↳ db/seeds.rb:11
  [1m[36mPost Create (0.3ms)[0m  [1m[32mINSERT INTO "posts" ("body", "author", "created_at", "updated_at") VALUES ($1, $2, $3, $4) RETURNING "id"[0m  [["body", "Ruby inherited the Perl philosophy of having more than one way to do the same thing. I inherited that philosophy from Larry Wall, who is my hero actually. I want to make Ruby users free. I want to give them the freedom to choose."], ["author", "Ms. Chau Ryan"], ["created_at", "2020-05-11 22:05:47.480959"], ["updated_at", "2020-05-11 22:05:47.480959"]]
  ↳ db/seeds.rb:11
  [1m[35m (0.6ms)[0m  [1m[35mCOMMIT[0m
  ↳ db/seeds.rb:11
  [1m[35m (0.1ms)[0m  [1m[35mBEGIN[0m
  ↳ db/seeds.rb:11
  [1m[36mPost Create (0.3ms)[0m  [1m[32mINSERT INTO "posts" ("body", "author", "created_at", "updated_at") VALUES ($1, $2, $3, $4) RETURNING "id"[0m  [["body", "I believe consistency and orthogonality are tools of design, not the primary goal in design."], ["author", "Tamekia Bosco IV"], ["created_at", "2020-05-11 22:05:47.483759"], ["updated_at", "2020-05-11 22:05:47.483759"]]
  ↳ db/seeds.rb:11
  [1m[35m (0.6ms)[0m  [1m[35mCOMMIT[0m
  ↳ db/seeds.rb:11
  [1m[35m (0.1ms)[0m  [1m[35mBEGIN[0m
  ↳ db/seeds.rb:11
  [1m[36mPost Create (0.3ms)[0m  [1m[32mINSERT INTO "posts" ("body", "author", "created_at", "updated_at") VALUES ($1, $2, $3, $4) RETURNING "id"[0m  [["body", "In our daily lives as programmers, we process text strings a lot. So I tried to work hard on text processing, namely the string class and regular expressions. Regular expressions are built into the language and are very tuned up for use."], ["author", "Porfirio Russel"], ["created_at", "2020-05-11 22:05:47.486404"], ["updated_at", "2020-05-11 22:05:47.486404"]]
  ↳ db/seeds.rb:11
  [1m[35m (0.6ms)[0m  [1m[35mCOMMIT[0m
  ↳ db/seeds.rb:11
  [1m[35m (0.1ms)[0m  [1m[35mBEGIN[0m
  ↳ db/seeds.rb:11
  [1m[36mPost Create (0.3ms)[0m  [1m[32mINSERT INTO "posts" ("body", "author", "created_at", "updated_at") VALUES ($1, $2, $3, $4) RETURNING "id"[0m  [["body", "Because of the Turing completeness theory, everything one Turing-complete language can do can theoretically be done by another Turing-complete language, but at a different cost. You can do everything in assembler, but no one wants to program in assembler anymore."], ["author", "Miss Fred Murphy"], ["created_at", "2020-05-11 22:05:47.489109"], ["updated_at", "2020-05-11 22:05:47.489109"]]
  ↳ db/seeds.rb:11
  [1m[35m (0.5ms)[0m  [1m[35mCOMMIT[0m
  ↳ db/seeds.rb:11
  [1m[35m (0.1ms)[0m  [1m[35mBEGIN[0m
  ↳ db/seeds.rb:11
  [1m[36mPost Create (0.3ms)[0m  [1m[32mINSERT INTO "posts" ("body", "author", "created_at", "updated_at") VALUES ($1, $2, $3, $4) RETURNING "id"[0m  [["body", "Sometimes people jot down pseudo-code on paper. If that pseudo-code runs directly on their computers, its best, isn't it? Ruby tries to be like that, like pseudo-code that runs. Python people say that too."], ["author", "Loraine Kunze Sr."], ["created_at", "2020-05-11 22:05:47.491721"], ["updated_at", "2020-05-11 22:05:47.491721"]]
  ↳ db/seeds.rb:11
  [1m[35m (0.6ms)[0m  [1m[35mCOMMIT[0m
  ↳ db/seeds.rb:11
  [1m[35m (0.1ms)[0m  [1m[35mBEGIN[0m
  ↳ db/seeds.rb:11
  [1m[36mPost Create (0.3ms)[0m  [1m[32mINSERT INTO "posts" ("body", "author", "created_at", "updated_at") VALUES ($1, $2, $3, $4) RETURNING "id"[0m  [["body", "The orthogonal features, when combined, can explode into complexity."], ["author", "Mr. Jeannetta Conroy"], ["created_at", "2020-05-11 22:05:47.494412"], ["updated_at", "2020-05-11 22:05:47.494412"]]
  ↳ db/seeds.rb:11
  [1m[35m (0.6ms)[0m  [1m[35mCOMMIT[0m
  ↳ db/seeds.rb:11
  [1m[35m (0.1ms)[0m  [1m[35mBEGIN[0m
  ↳ db/seeds.rb:11
  [1m[36mPost Create (0.3ms)[0m  [1m[32mINSERT INTO "posts" ("body", "author", "created_at", "updated_at") VALUES ($1, $2, $3, $4) RETURNING "id"[0m  [["body", "You want to enjoy life, don't you? If you get your job done quickly and your job is fun, that's good isn't it? That's the purpose of life, partly. Your life is better."], ["author", "Jewell Labadie"], ["created_at", "2020-05-11 22:05:47.496971"], ["updated_at", "2020-05-11 22:05:47.496971"]]
  ↳ db/seeds.rb:11
  [1m[35m (0.5ms)[0m  [1m[35mCOMMIT[0m
  ↳ db/seeds.rb:11
  [1m[35m (0.1ms)[0m  [1m[35mBEGIN[0m
  ↳ db/seeds.rb:11
  [1m[36mPost Create (0.2ms)[0m  [1m[32mINSERT INTO "posts" ("body", "author", "created_at", "updated_at") VALUES ($1, $2, $3, $4) RETURNING "id"[0m  [["body", "From the viewpoint of what you can do, therefore, languages do differ - but the differences are limited. For example, Python and Ruby provide almost the same power to the programmer."], ["author", "Brinda Schimmel"], ["created_at", "2020-05-11 22:05:47.499347"], ["updated_at", "2020-05-11 22:05:47.499347"]]
  ↳ db/seeds.rb:11
  [1m[35m (0.5ms)[0m  [1m[35mCOMMIT[0m
  ↳ db/seeds.rb:11
  [1m[35m (0.1ms)[0m  [1m[35mBEGIN[0m
  ↳ db/seeds.rb:11
  [1m[36mPost Create (0.2ms)[0m  [1m[32mINSERT INTO "posts" ("body", "author", "created_at", "updated_at") VALUES ($1, $2, $3, $4) RETURNING "id"[0m  [["body", "People are different. People choose different criteria. But if there is a better way among many alternatives, I want to encourage that way by making it comfortable. So that's what I've tried to do."], ["author", "Dannie Swift"], ["created_at", "2020-05-11 22:05:47.501610"], ["updated_at", "2020-05-11 22:05:47.501610"]]
  ↳ db/seeds.rb:11
  [1m[35m (0.6ms)[0m  [1m[35mCOMMIT[0m
  ↳ db/seeds.rb:11
  [1m[35m (0.1ms)[0m  [1m[35mBEGIN[0m
  ↳ db/seeds.rb:11
  [1m[36mPost Create (0.3ms)[0m  [1m[32mINSERT INTO "posts" ("body", "author", "created_at", "updated_at") VALUES ($1, $2, $3, $4) RETURNING "id"[0m  [["body", "Because of the Turing completeness theory, everything one Turing-complete language can do can theoretically be done by another Turing-complete language, but at a different cost. You can do everything in assembler, but no one wants to program in assembler anymore."], ["author", "Caroyln Becker II"], ["created_at", "2020-05-11 22:05:47.503988"], ["updated_at", "2020-05-11 22:05:47.503988"]]
  ↳ db/seeds.rb:11
  [1m[35m (0.6ms)[0m  [1m[35mCOMMIT[0m
  ↳ db/seeds.rb:11
  [1m[35m (0.1ms)[0m  [1m[35mBEGIN[0m
  ↳ db/seeds.rb:11
  [1m[36mPost Create (0.3ms)[0m  [1m[32mINSERT INTO "posts" ("body", "author", "created_at", "updated_at") VALUES ($1, $2, $3, $4) RETURNING "id"[0m  [["body", "It is not the responsibility of the language to force good looking code, but the language should make good looking code possible."], ["author", "Arlie Carter"], ["created_at", "2020-05-11 22:05:47.506450"], ["updated_at", "2020-05-11 22:05:47.506450"]]
  ↳ db/seeds.rb:11
  [1m[35m (0.6ms)[0m  [1m[35mCOMMIT[0m
  ↳ db/seeds.rb:11
  [1m[35m (0.1ms)[0m  [1m[35mBEGIN[0m
  ↳ db/seeds.rb:11
  [1m[36mPost Create (0.3ms)[0m  [1m[32mINSERT INTO "posts" ("body", "author", "created_at", "updated_at") VALUES ($1, $2, $3, $4) RETURNING "id"[0m  [["body", "Actually, I didn't make the claim that Ruby follows the principle of least surprise. Someone felt the design of Ruby follows that philosophy, so they started saying that. I didn't bring that up, actually."], ["author", "Sabrina Heathcote"], ["created_at", "2020-05-11 22:05:47.508882"], ["updated_at", "2020-05-11 22:05:47.508882"]]
  ↳ db/seeds.rb:11
  [1m[35m (0.6ms)[0m  [1m[35mCOMMIT[0m
  ↳ db/seeds.rb:11
  [1m[35m (0.1ms)[0m  [1m[35mBEGIN[0m
  ↳ db/seeds.rb:11
  [1m[36mPost Create (0.3ms)[0m  [1m[32mINSERT INTO "posts" ("body", "author", "created_at", "updated_at") VALUES ($1, $2, $3, $4) RETURNING "id"[0m  [["body", "It is not the responsibility of the language to force good looking code, but the language should make good looking code possible."], ["author", "Trenton Gutmann"], ["created_at", "2020-05-11 22:05:47.511362"], ["updated_at", "2020-05-11 22:05:47.511362"]]
  ↳ db/seeds.rb:11
  [1m[35m (0.6ms)[0m  [1m[35mCOMMIT[0m
  ↳ db/seeds.rb:11
  [1m[35m (0.1ms)[0m  [1m[35mBEGIN[0m
  ↳ db/seeds.rb:11
  [1m[36mPost Create (0.3ms)[0m  [1m[32mINSERT INTO "posts" ("body", "author", "created_at", "updated_at") VALUES ($1, $2, $3, $4) RETURNING "id"[0m  [["body", "Because of the Turing completeness theory, everything one Turing-complete language can do can theoretically be done by another Turing-complete language, but at a different cost. You can do everything in assembler, but no one wants to program in assembler anymore."], ["author", "Zackary Lang"], ["created_at", "2020-05-11 22:05:47.513847"], ["updated_at", "2020-05-11 22:05:47.513847"]]
  ↳ db/seeds.rb:11
  [1m[35m (0.7ms)[0m  [1m[35mCOMMIT[0m
  ↳ db/seeds.rb:11
  [1m[35m (0.1ms)[0m  [1m[35mBEGIN[0m
  ↳ db/seeds.rb:11
  [1m[36mPost Create (0.3ms)[0m  [1m[32mINSERT INTO "posts" ("body", "author", "created_at", "updated_at") VALUES ($1, $2, $3, $4) RETURNING "id"[0m  [["body", "Everyone has an individual background. Someone may come from Python, someone else may come from Perl, and they may be surprised by different aspects of the language. Then they come up to me and say, 'I was surprised by this feature of the language, so therefore Ruby violates the principle of least surprise.' Wait. Wait. The principle of least surprise is not for you only."], ["author", "Iva Schulist"], ["created_at", "2020-05-11 22:05:47.516843"], ["updated_at", "2020-05-11 22:05:47.516843"]]
  ↳ db/seeds.rb:11
  [1m[35m (0.6ms)[0m  [1m[35mCOMMIT[0m
  ↳ db/seeds.rb:11
  [1m[35m (0.2ms)[0m  [1m[35mBEGIN[0m
  ↳ db/seeds.rb:11
  [1m[36mPost Create (0.5ms)[0m  [1m[32mINSERT INTO "posts" ("body", "author", "created_at", "updated_at") VALUES ($1, $2, $3, $4) RETURNING "id"[0m  [["body", "Plant a memory, plant a tree, do it today for tomorrow."], ["author", "Denny Wisozk V"], ["created_at", "2020-05-11 22:05:47.519993"], ["updated_at", "2020-05-11 22:05:47.519993"]]
  ↳ db/seeds.rb:11
  [1m[35m (0.6ms)[0m  [1m[35mCOMMIT[0m
  ↳ db/seeds.rb:11
  [1m[35m (1.2ms)[0m  [1m[35mBEGIN[0m
  ↳ db/seeds.rb:11
  [1m[36mPost Create (0.4ms)[0m  [1m[32mINSERT INTO "posts" ("body", "author", "created_at", "updated_at") VALUES ($1, $2, $3, $4) RETURNING "id"[0m  [["body", "The orthogonal features, when combined, can explode into complexity."], ["author", "Newton Walter"], ["created_at", "2020-05-11 22:05:47.524632"], ["updated_at", "2020-05-11 22:05:47.524632"]]
  ↳ db/seeds.rb:11
  [1m[35m (0.6ms)[0m  [1m[35mCOMMIT[0m
  ↳ db/seeds.rb:11
  [1m[35m (0.1ms)[0m  [1m[35mBEGIN[0m
  ↳ db/seeds.rb:11
  [1m[36mPost Create (0.4ms)[0m  [1m[32mINSERT INTO "posts" ("body", "author", "created_at", "updated_at") VALUES ($1, $2, $3, $4) RETURNING "id"[0m  [["body", "People are different. People choose different criteria. But if there is a better way among many alternatives, I want to encourage that way by making it comfortable. So that's what I've tried to do."], ["author", "Ms. Sadie Maggio"], ["created_at", "2020-05-11 22:05:47.527806"], ["updated_at", "2020-05-11 22:05:47.527806"]]
  ↳ db/seeds.rb:11
  [1m[35m (0.6ms)[0m  [1m[35mCOMMIT[0m
  ↳ db/seeds.rb:11
  [1m[35m (0.1ms)[0m  [1m[35mBEGIN[0m
  ↳ db/seeds.rb:11
  [1m[36mPost Create (0.3ms)[0m  [1m[32mINSERT INTO "posts" ("body", "author", "created_at", "updated_at") VALUES ($1, $2, $3, $4) RETURNING "id"[0m  [["body", "In our daily lives as programmers, we process text strings a lot. So I tried to work hard on text processing, namely the string class and regular expressions. Regular expressions are built into the language and are very tuned up for use."], ["author", "Andra Considine"], ["created_at", "2020-05-11 22:05:47.531016"], ["updated_at", "2020-05-11 22:05:47.531016"]]
  ↳ db/seeds.rb:11
  [1m[35m (0.6ms)[0m  [1m[35mCOMMIT[0m
  ↳ db/seeds.rb:11
  [1m[35m (0.1ms)[0m  [1m[35mBEGIN[0m
  ↳ db/seeds.rb:11
  [1m[36mPost Create (0.4ms)[0m  [1m[32mINSERT INTO "posts" ("body", "author", "created_at", "updated_at") VALUES ($1, $2, $3, $4) RETURNING "id"[0m  [["body", "I believe that the purpose of life is, at least in part, to be happy. Based on this belief, Ruby is designed to make programming not only easy but also fun. It allows you to concentrate on the creative side of programming, with less stress."], ["author", "Georgiana Reilly"], ["created_at", "2020-05-11 22:05:47.533884"], ["updated_at", "2020-05-11 22:05:47.533884"]]
  ↳ db/seeds.rb:11
  [1m[35m (0.7ms)[0m  [1m[35mCOMMIT[0m
  ↳ db/seeds.rb:11
  [1m[35m (0.1ms)[0m  [1m[35mBEGIN[0m
  ↳ db/seeds.rb:11
  [1m[36mPost Create (0.4ms)[0m  [1m[32mINSERT INTO "posts" ("body", "author", "created_at", "updated_at") VALUES ($1, $2, $3, $4) RETURNING "id"[0m  [["body", "You want to enjoy life, don't you? If you get your job done quickly and your job is fun, that's good isn't it? That's the purpose of life, partly. Your life is better."], ["author", "Selena Glover"], ["created_at", "2020-05-11 22:05:47.536964"], ["updated_at", "2020-05-11 22:05:47.536964"]]
  ↳ db/seeds.rb:11
  [1m[35m (0.6ms)[0m  [1m[35mCOMMIT[0m
  ↳ db/seeds.rb:11
  [1m[35m (0.1ms)[0m  [1m[35mBEGIN[0m
  ↳ db/seeds.rb:11
  [1m[36mPost Create (0.4ms)[0m  [1m[32mINSERT INTO "posts" ("body", "author", "created_at", "updated_at") VALUES ($1, $2, $3, $4) RETURNING "id"[0m  [["body", "Most of the tasks we do are for humans. For example, a tax calculation is counting numbers so the government can pull money out from my wallet, but government consists of humans."], ["author", "Norman Ondricka"], ["created_at", "2020-05-11 22:05:47.540028"], ["updated_at", "2020-05-11 22:05:47.540028"]]
  ↳ db/seeds.rb:11
  [1m[35m (0.6ms)[0m  [1m[35mCOMMIT[0m
  ↳ db/seeds.rb:11
  [1m[35m (0.1ms)[0m  [1m[35mBEGIN[0m
  ↳ db/seeds.rb:11
  [1m[36mPost Create (0.3ms)[0m  [1m[32mINSERT INTO "posts" ("body", "author", "created_at", "updated_at") VALUES ($1, $2, $3, $4) RETURNING "id"[0m  [["body", "Everyone has an individual background. Someone may come from Python, someone else may come from Perl, and they may be surprised by different aspects of the language. Then they come up to me and say, 'I was surprised by this feature of the language, so therefore Ruby violates the principle of least surprise.' Wait. Wait. The principle of least surprise is not for you only."], ["author", "Matt Marquardt II"], ["created_at", "2020-05-11 22:05:47.542537"], ["updated_at", "2020-05-11 22:05:47.542537"]]
  ↳ db/seeds.rb:11
  [1m[35m (0.6ms)[0m  [1m[35mCOMMIT[0m
  ↳ db/seeds.rb:11
  [1m[35m (0.1ms)[0m  [1m[35mBEGIN[0m
  ↳ db/seeds.rb:11
  [1m[36mPost Create (0.4ms)[0m  [1m[32mINSERT INTO "posts" ("body", "author", "created_at", "updated_at") VALUES ($1, $2, $3, $4) RETURNING "id"[0m  [["body", "Everyone has an individual background. Someone may come from Python, someone else may come from Perl, and they may be surprised by different aspects of the language. Then they come up to me and say, 'I was surprised by this feature of the language, so therefore Ruby violates the principle of least surprise.' Wait. Wait. The principle of least surprise is not for you only."], ["author", "Terina Gerlach"], ["created_at", "2020-05-11 22:05:47.545109"], ["updated_at", "2020-05-11 22:05:47.545109"]]
  ↳ db/seeds.rb:11
  [1m[35m (0.6ms)[0m  [1m[35mCOMMIT[0m
  ↳ db/seeds.rb:11
  [1m[35m (0.1ms)[0m  [1m[35mBEGIN[0m
  ↳ db/seeds.rb:11
  [1m[36mPost Create (0.4ms)[0m  [1m[32mINSERT INTO "posts" ("body", "author", "created_at", "updated_at") VALUES ($1, $2, $3, $4) RETURNING "id"[0m  [["body", "Smart people underestimate the ordinarity of ordinary people."], ["author", "Alia Hahn"], ["created_at", "2020-05-11 22:05:47.548673"], ["updated_at", "2020-05-11 22:05:47.548673"]]
  ↳ db/seeds.rb:11
  [1m[35m (0.6ms)[0m  [1m[35mCOMMIT[0m
  ↳ db/seeds.rb:11
  [1m[35m (0.1ms)[0m  [1m[35mBEGIN[0m
  ↳ db/seeds.rb:11
  [1m[36mPost Create (0.2ms)[0m  [1m[32mINSERT INTO "posts" ("body", "author", "created_at", "updated_at") VALUES ($1, $2, $3, $4) RETURNING "id"[0m  [["body", "Actually, I didn't make the claim that Ruby follows the principle of least surprise. Someone felt the design of Ruby follows that philosophy, so they started saying that. I didn't bring that up, actually."], ["author", "Brett Nader"], ["created_at", "2020-05-11 22:05:47.551577"], ["updated_at", "2020-05-11 22:05:47.551577"]]
  ↳ db/seeds.rb:11
  [1m[35m (0.6ms)[0m  [1m[35mCOMMIT[0m
  ↳ db/seeds.rb:11
  [1m[35m (0.1ms)[0m  [1m[35mBEGIN[0m
  ↳ db/seeds.rb:11
  [1m[36mPost Create (0.3ms)[0m  [1m[32mINSERT INTO "posts" ("body", "author", "created_at", "updated_at") VALUES ($1, $2, $3, $4) RETURNING "id"[0m  [["body", "The orthogonal features, when combined, can explode into complexity."], ["author", "Dorine McDermott"], ["created_at", "2020-05-11 22:05:47.554429"], ["updated_at", "2020-05-11 22:05:47.554429"]]
  ↳ db/seeds.rb:11
  [1m[35m (0.6ms)[0m  [1m[35mCOMMIT[0m
  ↳ db/seeds.rb:11
  [1m[35m (0.1ms)[0m  [1m[35mBEGIN[0m
  ↳ db/seeds.rb:11
  [1m[36mPost Create (0.2ms)[0m  [1m[32mINSERT INTO "posts" ("body", "author", "created_at", "updated_at") VALUES ($1, $2, $3, $4) RETURNING "id"[0m  [["body", "Sometimes people jot down pseudo-code on paper. If that pseudo-code runs directly on their computers, its best, isn't it? Ruby tries to be like that, like pseudo-code that runs. Python people say that too."], ["author", "Sebastian Douglas"], ["created_at", "2020-05-11 22:05:47.557199"], ["updated_at", "2020-05-11 22:05:47.557199"]]
  ↳ db/seeds.rb:11
  [1m[35m (0.4ms)[0m  [1m[35mCOMMIT[0m
  ↳ db/seeds.rb:11
  [1m[35m (0.1ms)[0m  [1m[35mBEGIN[0m
  ↳ db/seeds.rb:11
  [1m[36mPost Create (0.2ms)[0m  [1m[32mINSERT INTO "posts" ("body", "author", "created_at", "updated_at") VALUES ($1, $2, $3, $4) RETURNING "id"[0m  [["body", "The orthogonal features, when combined, can explode into complexity."], ["author", "Sergio Hermann V"], ["created_at", "2020-05-11 22:05:47.559784"], ["updated_at", "2020-05-11 22:05:47.559784"]]
  ↳ db/seeds.rb:11
  [1m[35m (0.9ms)[0m  [1m[35mCOMMIT[0m
  ↳ db/seeds.rb:11
  [1m[35m (0.1ms)[0m  [1m[35mBEGIN[0m
  ↳ db/seeds.rb:11
  [1m[36mPost Create (0.2ms)[0m  [1m[32mINSERT INTO "posts" ("body", "author", "created_at", "updated_at") VALUES ($1, $2, $3, $4) RETURNING "id"[0m  [["body", "In our daily lives as programmers, we process text strings a lot. So I tried to work hard on text processing, namely the string class and regular expressions. Regular expressions are built into the language and are very tuned up for use."], ["author", "Elvis Macejkovic"], ["created_at", "2020-05-11 22:05:47.562997"], ["updated_at", "2020-05-11 22:05:47.562997"]]
  ↳ db/seeds.rb:11
  [1m[35m (0.6ms)[0m  [1m[35mCOMMIT[0m
  ↳ db/seeds.rb:11
  [1m[35m (0.1ms)[0m  [1m[35mBEGIN[0m
  ↳ db/seeds.rb:11
  [1m[36mPost Create (0.2ms)[0m  [1m[32mINSERT INTO "posts" ("body", "author", "created_at", "updated_at") VALUES ($1, $2, $3, $4) RETURNING "id"[0m  [["body", "Man is driven to create; I know I really love to create things. And while I'm not good at painting, drawing, or music, I can write software."], ["author", "Ms. Shannon Wiza"], ["created_at", "2020-05-11 22:05:47.565844"], ["updated_at", "2020-05-11 22:05:47.565844"]]
  ↳ db/seeds.rb:11
  [1m[35m (0.6ms)[0m  [1m[35mCOMMIT[0m
  ↳ db/seeds.rb:11
  [1m[35m (0.1ms)[0m  [1m[35mBEGIN[0m
  ↳ db/seeds.rb:11
  [1m[36mPost Create (0.2ms)[0m  [1m[32mINSERT INTO "posts" ("body", "author", "created_at", "updated_at") VALUES ($1, $2, $3, $4) RETURNING "id"[0m  [["body", "Everyone has an individual background. Someone may come from Python, someone else may come from Perl, and they may be surprised by different aspects of the language. Then they come up to me and say, 'I was surprised by this feature of the language, so therefore Ruby violates the principle of least surprise.' Wait. Wait. The principle of least surprise is not for you only."], ["author", "Miss Edward Schowalter"], ["created_at", "2020-05-11 22:05:47.568603"], ["updated_at", "2020-05-11 22:05:47.568603"]]
  ↳ db/seeds.rb:11
  [1m[35m (0.5ms)[0m  [1m[35mCOMMIT[0m
  ↳ db/seeds.rb:11
  [1m[35m (0.1ms)[0m  [1m[35mBEGIN[0m
  ↳ db/seeds.rb:11
  [1m[36mPost Create (0.2ms)[0m  [1m[32mINSERT INTO "posts" ("body", "author", "created_at", "updated_at") VALUES ($1, $2, $3, $4) RETURNING "id"[0m  [["body", "People are different. People choose different criteria. But if there is a better way among many alternatives, I want to encourage that way by making it comfortable. So that's what I've tried to do."], ["author", "Ms. Juanita Langosh"], ["created_at", "2020-05-11 22:05:47.571239"], ["updated_at", "2020-05-11 22:05:47.571239"]]
  ↳ db/seeds.rb:11
  [1m[35m (0.6ms)[0m  [1m[35mCOMMIT[0m
  ↳ db/seeds.rb:11
  [1m[35m (0.1ms)[0m  [1m[35mBEGIN[0m
  ↳ db/seeds.rb:11
  [1m[36mPost Create (0.2ms)[0m  [1m[32mINSERT INTO "posts" ("body", "author", "created_at", "updated_at") VALUES ($1, $2, $3, $4) RETURNING "id"[0m  [["body", "I hope to see Ruby help every programmer in the world to be productive, and to enjoy programming, and to be happy. That is the primary purpose of Ruby language."], ["author", "Eddie Blick PhD"], ["created_at", "2020-05-11 22:05:47.574112"], ["updated_at", "2020-05-11 22:05:47.574112"]]
  ↳ db/seeds.rb:11
  [1m[35m (0.6ms)[0m  [1m[35mCOMMIT[0m
  ↳ db/seeds.rb:11
  [1m[35m (0.1ms)[0m  [1m[35mBEGIN[0m
  ↳ db/seeds.rb:11
  [1m[36mPost Create (0.2ms)[0m  [1m[32mINSERT INTO "posts" ("body", "author", "created_at", "updated_at") VALUES ($1, $2, $3, $4) RETURNING "id"[0m  [["body", "Imagine you are writing an email. You are in front of the computer. You are operating the computer, clicking a mouse and typing on a keyboard, but the message will be sent to a human over the internet. So you are working before the computer, but with a human behind the computer."], ["author", "Blair Gislason"], ["created_at", "2020-05-11 22:05:47.576812"], ["updated_at", "2020-05-11 22:05:47.576812"]]
  ↳ db/seeds.rb:11
  [1m[35m (0.6ms)[0m  [1m[35mCOMMIT[0m
  ↳ db/seeds.rb:11
Started GET "/" for ::1 at 2020-05-11 15:05:58 -0700
  [1m[35m (0.5ms)[0m  [1m[34mSELECT "schema_migrations"."version" FROM "schema_migrations" ORDER BY "schema_migrations"."version" ASC[0m
  ↳ /home/jass/.rvm/gems/ruby-2.5.1/gems/activerecord-5.2.4.2/lib/active_record/log_subscriber.rb:98
Processing by PostsController#index as HTML
  Rendering posts/index.html.erb within layouts/application
  [1m[36mPost Load (0.6ms)[0m  [1m[34mSELECT "posts".* FROM "posts" ORDER BY updated_at DESC[0m
  ↳ app/views/posts/index.html.erb:5
  Rendered posts/index.html.erb within layouts/application (21.1ms)
Completed 200 OK in 211ms (Views: 201.7ms | ActiveRecord: 3.7ms)


Started GET "/posts/50" for ::1 at 2020-05-11 15:06:02 -0700
Processing by PostsController#show as HTML
  Parameters: {"id"=>"50"}
  [1m[36mPost Load (0.3ms)[0m  [1m[34mSELECT  "posts".* FROM "posts" WHERE "posts"."id" = $1 LIMIT $2[0m  [["id", 50], ["LIMIT", 1]]
  ↳ app/controllers/posts_controller.rb:20
  Rendering posts/show.html.erb within layouts/application
  Rendered posts/show.html.erb within layouts/application (1.3ms)
Completed 200 OK in 29ms (Views: 24.4ms | ActiveRecord: 0.6ms)


